pure2-bugfix-for-declaration-equal-error.cpp2...
pure2-bugfix-for-declaration-equal-error.cpp2(1,10): error: expected '=' before '{' - did you mean '= {' ? (at '{')
pure2-bugfix-for-declaration-equal-error.cpp2(1,1): error: unexpected text at end of Cpp2 code section (at 'main')
pure2-bugfix-for-declaration-equal-error.cpp2(1,0): error: parse failed for section starting here

